0 silly input []
1 silly flags { _: [ 'bootstrap' ],
1 silly flags   'reject-cycles': false,
1 silly flags   rejectCycles: false,
1 silly flags   args: [] }
2 verbose rootPath /Users/joaohenriques/Projects/mobilab/eslint-config
3 info version 2.9.1
4 silly existsSync /Users/joaohenriques/Projects/mobilab/eslint-config/VERSION
5 silly initialize attempt
6 silly npmConfig { registry: undefined,
6 silly npmConfig   npmClient: 'yarn',
6 silly npmConfig   npmClientArgs: [ '--production', '--no-optional' ],
6 silly npmConfig   mutex: 'network:42424' }
7 silly initialize success
8 silly execute attempt
9 info Bootstrapping 3 packages
10 info lifecycle preinstall
11 silly runScript preinstall @mobilabsolutions/eslint-config-jest
12 silly @mobilabsolutions/eslint-config-jest
13 silly runScript preinstall @mobilabsolutions/eslint-config-node
14 silly @mobilabsolutions/eslint-config-node
15 silly runScript preinstall @mobilabsolutions/eslint-config-react
16 silly @mobilabsolutions/eslint-config-react
17 silly hasDependencyInstalled @mobilabsolutions/eslint-config-jest lerna
18 silly dependencyIsSatisfied [ 'lerna',
18 silly dependencyIsSatisfied   '^2.9.1',
18 silly dependencyIsSatisfied   '/Users/joaohenriques/Projects/mobilab/eslint-config/addons/jest/node_modules' ]
19 verbose dependencyIsSatisfied lerna false
20 silly hasDependencyInstalled @mobilabsolutions/eslint-config-node lerna
21 silly dependencyIsSatisfied [ 'lerna',
21 silly dependencyIsSatisfied   '^2.9.1',
21 silly dependencyIsSatisfied   '/Users/joaohenriques/Projects/mobilab/eslint-config/addons/node/node_modules' ]
22 verbose dependencyIsSatisfied lerna false
23 silly hasDependencyInstalled @mobilabsolutions/eslint-config-react lerna
24 silly dependencyIsSatisfied [ 'lerna',
24 silly dependencyIsSatisfied   '^2.9.1',
24 silly dependencyIsSatisfied   '/Users/joaohenriques/Projects/mobilab/eslint-config/addons/react/node_modules' ]
25 verbose dependencyIsSatisfied lerna true
26 silly hasDependencyInstalled @mobilabsolutions/eslint-config-jest eslint
27 silly dependencyIsSatisfied [ 'eslint',
27 silly dependencyIsSatisfied   '^4.19.1',
27 silly dependencyIsSatisfied   '/Users/joaohenriques/Projects/mobilab/eslint-config/addons/jest/node_modules' ]
28 verbose dependencyIsSatisfied eslint true
29 silly hasDependencyInstalled @mobilabsolutions/eslint-config-node eslint
30 silly dependencyIsSatisfied [ 'eslint',
30 silly dependencyIsSatisfied   '^4.19.1',
30 silly dependencyIsSatisfied   '/Users/joaohenriques/Projects/mobilab/eslint-config/addons/node/node_modules' ]
31 verbose dependencyIsSatisfied eslint false
32 silly hasDependencyInstalled @mobilabsolutions/eslint-config-react eslint
33 silly dependencyIsSatisfied [ 'eslint',
33 silly dependencyIsSatisfied   '^4.19.1',
33 silly dependencyIsSatisfied   '/Users/joaohenriques/Projects/mobilab/eslint-config/addons/react/node_modules' ]
34 verbose dependencyIsSatisfied eslint true
35 silly hasDependencyInstalled @mobilabsolutions/eslint-config-node babel-eslint
36 silly dependencyIsSatisfied [ 'babel-eslint',
36 silly dependencyIsSatisfied   '^8.1.0',
36 silly dependencyIsSatisfied   '/Users/joaohenriques/Projects/mobilab/eslint-config/addons/node/node_modules' ]
37 verbose dependencyIsSatisfied babel-eslint false
38 silly hasDependencyInstalled @mobilabsolutions/eslint-config-react babel-eslint
39 silly dependencyIsSatisfied [ 'babel-eslint',
39 silly dependencyIsSatisfied   '^8.1.0',
39 silly dependencyIsSatisfied   '/Users/joaohenriques/Projects/mobilab/eslint-config/addons/react/node_modules' ]
40 verbose dependencyIsSatisfied babel-eslint true
41 silly hasDependencyInstalled @mobilabsolutions/eslint-config-jest eslint-plugin-jest
42 silly dependencyIsSatisfied [ 'eslint-plugin-jest',
42 silly dependencyIsSatisfied   '^7.7.0',
42 silly dependencyIsSatisfied   '/Users/joaohenriques/Projects/mobilab/eslint-config/addons/jest/node_modules' ]
43 verbose dependencyIsSatisfied eslint-plugin-jest false
44 silly hasDependencyInstalled @mobilabsolutions/eslint-config-node eslint-plugin-react
45 silly dependencyIsSatisfied [ 'eslint-plugin-react',
45 silly dependencyIsSatisfied   '^7.7.0',
45 silly dependencyIsSatisfied   '/Users/joaohenriques/Projects/mobilab/eslint-config/addons/node/node_modules' ]
46 verbose dependencyIsSatisfied eslint-plugin-react false
47 silly hasDependencyInstalled @mobilabsolutions/eslint-config-react eslint-plugin-react
48 silly dependencyIsSatisfied [ 'eslint-plugin-react',
48 silly dependencyIsSatisfied   '^7.7.0',
48 silly dependencyIsSatisfied   '/Users/joaohenriques/Projects/mobilab/eslint-config/addons/react/node_modules' ]
49 verbose dependencyIsSatisfied eslint-plugin-react true
50 silly hasDependencyInstalled @mobilabsolutions/eslint-config-node eslint-plugin-jsx-a11y
51 silly dependencyIsSatisfied [ 'eslint-plugin-jsx-a11y',
51 silly dependencyIsSatisfied   '^6.0.3',
51 silly dependencyIsSatisfied   '/Users/joaohenriques/Projects/mobilab/eslint-config/addons/node/node_modules' ]
52 verbose dependencyIsSatisfied eslint-plugin-jsx-a11y false
53 silly hasDependencyInstalled @mobilabsolutions/eslint-config-react eslint-plugin-jsx-a11y
54 silly dependencyIsSatisfied [ 'eslint-plugin-jsx-a11y',
54 silly dependencyIsSatisfied   '^6.0.3',
54 silly dependencyIsSatisfied   '/Users/joaohenriques/Projects/mobilab/eslint-config/addons/react/node_modules' ]
55 verbose dependencyIsSatisfied eslint-plugin-jsx-a11y true
56 silly root dependencies []
57 silly leaf dependencies {
57 silly leaf dependencies   "@mobilabsolutions/eslint-config-jest": [
57 silly leaf dependencies     {
57 silly leaf dependencies       "dependency": "lerna@^2.9.1",
57 silly leaf dependencies       "isSatisfied": false
57 silly leaf dependencies     },
57 silly leaf dependencies     {
57 silly leaf dependencies       "dependency": "eslint@^4.19.1",
57 silly leaf dependencies       "isSatisfied": true
57 silly leaf dependencies     },
57 silly leaf dependencies     {
57 silly leaf dependencies       "dependency": "eslint-plugin-jest@^7.7.0",
57 silly leaf dependencies       "isSatisfied": false
57 silly leaf dependencies     }
57 silly leaf dependencies   ],
57 silly leaf dependencies   "@mobilabsolutions/eslint-config-node": [
57 silly leaf dependencies     {
57 silly leaf dependencies       "dependency": "lerna@^2.9.1",
57 silly leaf dependencies       "isSatisfied": false
57 silly leaf dependencies     },
57 silly leaf dependencies     {
57 silly leaf dependencies       "dependency": "eslint@^4.19.1",
57 silly leaf dependencies       "isSatisfied": false
57 silly leaf dependencies     },
57 silly leaf dependencies     {
57 silly leaf dependencies       "dependency": "babel-eslint@^8.1.0",
57 silly leaf dependencies       "isSatisfied": false
57 silly leaf dependencies     },
57 silly leaf dependencies     {
57 silly leaf dependencies       "dependency": "eslint-plugin-react@^7.7.0",
57 silly leaf dependencies       "isSatisfied": false
57 silly leaf dependencies     },
57 silly leaf dependencies     {
57 silly leaf dependencies       "dependency": "eslint-plugin-jsx-a11y@^6.0.3",
57 silly leaf dependencies       "isSatisfied": false
57 silly leaf dependencies     }
57 silly leaf dependencies   ],
57 silly leaf dependencies   "@mobilabsolutions/eslint-config-react": [
57 silly leaf dependencies     {
57 silly leaf dependencies       "dependency": "lerna@^2.9.1",
57 silly leaf dependencies       "isSatisfied": true
57 silly leaf dependencies     },
57 silly leaf dependencies     {
57 silly leaf dependencies       "dependency": "eslint@^4.19.1",
57 silly leaf dependencies       "isSatisfied": true
57 silly leaf dependencies     },
57 silly leaf dependencies     {
57 silly leaf dependencies       "dependency": "babel-eslint@^8.1.0",
57 silly leaf dependencies       "isSatisfied": true
57 silly leaf dependencies     },
57 silly leaf dependencies     {
57 silly leaf dependencies       "dependency": "eslint-plugin-react@^7.7.0",
57 silly leaf dependencies       "isSatisfied": true
57 silly leaf dependencies     },
57 silly leaf dependencies     {
57 silly leaf dependencies       "dependency": "eslint-plugin-jsx-a11y@^6.0.3",
57 silly leaf dependencies       "isSatisfied": true
57 silly leaf dependencies     }
57 silly leaf dependencies   ]
57 silly leaf dependencies }
58 info Installing external dependencies
59 verbose actions 2 actions, concurrency 4
60 silly installInDir jest [ 'lerna@^2.9.1', 'eslint@^4.19.1', 'eslint-plugin-jest@^7.7.0' ]
61 silly installInDir backup /Users/joaohenriques/Projects/mobilab/eslint-config/addons/jest/package.json
62 silly rename [ '/Users/joaohenriques/Projects/mobilab/eslint-config/addons/jest/package.json',
62 silly rename   '/Users/joaohenriques/Projects/mobilab/eslint-config/addons/jest/package.json.lerna_backup' ]
63 silly installInDir node [ 'lerna@^2.9.1',
63 silly installInDir   'eslint@^4.19.1',
63 silly installInDir   'babel-eslint@^8.1.0',
63 silly installInDir   'eslint-plugin-react@^7.7.0',
63 silly installInDir   'eslint-plugin-jsx-a11y@^6.0.3' ]
64 silly installInDir backup /Users/joaohenriques/Projects/mobilab/eslint-config/addons/node/package.json
65 silly rename [ '/Users/joaohenriques/Projects/mobilab/eslint-config/addons/node/package.json',
65 silly rename   '/Users/joaohenriques/Projects/mobilab/eslint-config/addons/node/package.json.lerna_backup' ]
66 silly installInDir writing tempJson { dependencies:
66 silly installInDir    { lerna: '^2.9.1',
66 silly installInDir      eslint: '^4.19.1',
66 silly installInDir      'babel-eslint': '^8.1.0',
66 silly installInDir      'eslint-plugin-react': '^7.7.0',
66 silly installInDir      'eslint-plugin-jsx-a11y': '^6.0.3' } }
67 silly installInDir writing tempJson { dependencies:
67 silly installInDir    { lerna: '^2.9.1',
67 silly installInDir      eslint: '^4.19.1',
67 silly installInDir      'eslint-plugin-jest': '^7.7.0' } }
68 silly getExecOpts { cwd: '/Users/joaohenriques/Projects/mobilab/eslint-config/addons/node' }
69 silly installInDir [ 'yarn',
69 silly installInDir   [ 'install',
69 silly installInDir     '--mutex',
69 silly installInDir     'network:42424',
69 silly installInDir     '--non-interactive',
69 silly installInDir     '--production',
69 silly installInDir     '--no-optional' ] ]
70 silly getExecOpts { cwd: '/Users/joaohenriques/Projects/mobilab/eslint-config/addons/jest' }
71 silly installInDir [ 'yarn',
71 silly installInDir   [ 'install',
71 silly installInDir     '--mutex',
71 silly installInDir     'network:42424',
71 silly installInDir     '--non-interactive',
71 silly installInDir     '--production',
71 silly installInDir     '--no-optional' ] ]
72 silly installInDir cleanup /Users/joaohenriques/Projects/mobilab/eslint-config/addons/jest/package.json
73 silly renameSync [ '/Users/joaohenriques/Projects/mobilab/eslint-config/addons/jest/package.json.lerna_backup',
73 silly renameSync   '/Users/joaohenriques/Projects/mobilab/eslint-config/addons/jest/package.json' ]
74 verbose installed leaf @mobilabsolutions/eslint-config-jest
75 error execute callback with error
76 error Error: Command failed: yarn install --mutex network:42424 --non-interactive --production --no-optional
76 error warning package.json: No license field
76 error warning No license field
76 error error An unexpected error occurred: "Couldn't find any versions for \"eslint-plugin-jest\" that matches \"^7.7.0\"".
76 error yarn install v1.5.1
76 error info No lockfile found.
76 error [1/4] Resolving packages...
76 error info If you think this is a bug, please open a bug report with the information provided in "/Users/joaohenriques/Projects/mobilab/eslint-config/addons/jest/yarn-error.log".
76 error info Visit https://yarnpkg.com/en/docs/cli/install for documentation about this command.
76 error
76 error     at Promise.all.then.arr (/usr/local/lib/node_modules/lerna/node_modules/execa/index.js:236:11)
76 error     at <anonymous>
